<?xml version="1.0" encoding="UTF-8"?>
<!-- Generated by org.testng.reporters.JUnitXMLReporter -->
<testsuite ignored="0" hostname="comp25" failures="0" tests="4" name="Default test" time="0.704" errors="0" timestamp="2019-09-17T16:33:19 IST">
  <testcase classname="coda.global.hospital.patientdaotest.PatientDaoTest" name="createPatientTestRepeatedUsername" time="0.531"/>
  <testcase classname="coda.global.hospital.patientdaotest.PatientDaoTest" name="createPatientTestValidUsername" time="0.07"/>
  <testcase classname="coda.global.hospital.patientdaotest.PatientDaoTest" name="readPatientTestInvalidId" time="0.029"/>
  <testcase classname="coda.global.hospital.patientdaotest.PatientDaoTest" name="readPatientTestValidId" time="0.021"/>
</testsuite> <!-- Default test -->
